2570 2883
2958 2841
2935 3322
3621 3357
2518 2740
3204 2791
2823 2831
3510 2601
2891 2876
4049 2384
3100 2941
2886 3094
3363 2457
1573 2937
2910 3277
2379 2606
2993 3003
4278 3000
3216 3979
3003 3061
3163 3135
2827 2888
3235 2578
2516 2375
3044 2720
2798 2891
2842 3033
2456 3449
3120 2380
2021 3257
2583 2933
2888 2882
3012 3145
2635 3615
2956 2941
3081 2128
3709 3277
4161 3176
3056 2988
2028 1970
3035 2992
3220 2840
2970 2906
2317 2878
3382 2831
2969 3214
3484 2505
3529 3438
2745 3284
3644 2652
4121 3159
2797 3139
2802 2984
2975 3002
2764 3398
3034 3076
2410 2211
3000 2994
2984 2980
3302 1689
4132 3573
2912 2877
2934 2710
2852 3324
2920 2807
2996 3006
3136 3078
2995 2910
3001 3002
3831 1846
3608 2657
2970 2989
2587 3218
3000 3003
2326 3481
2979 3117
1493 3187
3003 2975
2384 2833
3049 2347
3021 3016
2984 3008
3151 2834
2257 3320
2981 2995
3007 3047
2599 3050
3865 2946
3355 2832
2972 3047
2793 3194
2169 3341
2965 2629
2791 2815
3037 2993
3004 2967
3451 2505
3731 2198
3004 3026
3114 2899