50 50 51 50 52 50 53 49 54 49 55 49 56 49 57 49 58 48 59 48 60 48 61 48 62 47 63 47 64 47
50 50 51 50 52 50 53 50 54 50 55 50 56 50 57 50 58 50 59 51 60 51 61 51 62 51 63 51 64 51 65 51 66 51
39 55 40 55 41 54 42 54 43 53 44 53 45 52 46 52 47 51 48 51 49 50 50 50
52 39 52 40 52 41 51 42 51 43 51 44 51 45 51 46 51 47 50 48 50 49 50 50
38 41 39 42 40 42 41 43 42 44 43 45 44 45 45 46 46 47 47 48 48 48 49 49 50 50
43 40 44 41 44 42 45 43 46 44 46 45 47 46 48 47 49 48 49 49 50 50
33 44 34 44 35 45 36 45 37 45 38 46 39 46 40 46 41 47 42 47 43 48 44 48 45 48 46 49 47 49 48 49 49 50 50 50
50 50 50 51 50 52 49 53 49 54 49 55 49 56 48 57 48 58 48 59 48 60 47 61 47 62 47 63
50 50 51 49 52 49 53 48 54 48 55 47 56 47 57 46 58 45 59 45 60 44 61 44 62 43 63 43 64 42
50 50 51 51 52 52 53 53 54 53 55 54 56 55 57 56 58 57 59 58 60 58 61 59 62 60 63 61
58 37 57 38 57 39 56 40 56 41 55 42 54 43 54 44 53 45 52 46 52 47 51 48 51 49 50 50
36 37 37 38 38 39 39 40 40 41 41 42 42 43 43 43 44 44 45 45 46 46 47 47 48 48 49 49 50 50
41 54 42 54 43 53 44 53 45 52 46 52 47 51 48 51 49 50 50 50
50 50 51 51 52 52 53 52 54 53 55 54 56 55 57 56 58 56 59 57 60 58
50 50 51 49 52 48 53 47 54 46 55 45 56 44 57 44 58 43 59 42 60 41 61 40 62 39 63 38 64 37
36 60 37 59 38 59 39 58 40 57 41 56 42 56 43 55 44 54 45 54 46 53 47 52 48 51 49 51 50 50
50 50 50 51 50 52 51 53 51 54 51 55 51 56 52 57 52 58 52 59 52 60 52 61 53 62 53 63 53 64 53 65 54 66 54 67 54 68
50 50 51 51 52 52 53 53 54 54 55 54 56 55 57 56 58 57 59 58
50 50 51 51 52 52 53 52 54 53 55 54 56 55 57 55 58 56 59 57 60 58 61 58 62 59 63 60
50 50 51 50 52 50 53 51 54 51 55 51 56 51 57 51 58 52 59 52 60 52 61 52 62 53 63 53 64 53 65 53 66 53 67 54 68 54 69 54
50 50 51 50 52 49 53 49 54 48 55 48 56 47 57 47 58 46 59 46 60 45 61 45 62 44 63 44 64 43 65 43 66 42
50 50 51 51 51 52 52 53 53 54 53 55 54 56 55 57 55 58 56 59
50 50 51 50 52 50 53 50 54 50 55 50 56 51 57 51 58 51 59 51 60 51
50 50 51 51 52 52 53 53 54 54 55 55 56 56 57 57 58 58 59 59 60 60 61 61 62 62
51 39 51 40 51 41 51 42 51 43 51 44 50 45 50 46 50 47 50 48 50 49 50 50
50 50 50 51 50 52 50 53 50 54 50 55 50 56 50 57 50 58 50 59 50 60 50 61 50 62 50 63 50 64 50 65 50 66
34 47 35 47 36 47 37 48 38 48 39 48 40 48 41 48 42 48 43 49 44 49 45 49 46 49 47 49 48 50 49 50 50 50
50 50 51 50 52 49 53 49 54 49 55 49 56 48 57 48 58 48 59 48 60 47 61 47
50 50 50 51 49 52 49 53 48 54 48 55 47 56 47 57 47 58 46 59 46 60 45 61 45 62 44 63 44 64 43 65 43 66
33 58 34 58 35 57 36 57 37 56 38 56 39 55 40 55 41 54 42 54 43 53 44 53 45 52 46 52 47 51 48 51 49 50 50 50
44 40 45 41 45 42 46 43 46 44 47 45 48 46 48 47 49 48 49 49 50 50
50 50 50 51 50 52 49 53 49 54 49 55 49 56 49 57 48 58 48 59 48 60
50 50 49 51 49 52 48 53 47 54 47 55 46 56 45 57 45 58 44 59
50 50 51 50 52 50 53 50 54 50 55 50 56 49 57 49 58 49 59 49 60 49
50 32 50 33 50 34 50 35 50 36 50 37 50 38 50 39 50 40 50 41 50 42 50 43 50 44 50 45 50 46 50 47 50 48 50 49 50 50
50 50 51 50 52 50 53 50 54 50 55 50 56 50 57 50 58 51 59 51 60 51 61 51 62 51 63 51 64 51 65 51
34 43 35 43 36 44 37 44 38 45 39 45 40 46 41 46 42 46 43 47 44 47 45 48 46 48 47 49 48 49 49 50 50 50
44 42 45 43 45 44 46 45 47 46 48 47 48 48 49 49 50 50
50 50 51 49 52 49 53 48 54 48 55 47 56 47 57 46 58 46 59 45 60 44 61 44 62 43 63 43 64 42 65 42 66 41
50 50 50 51 50 52 50 53 51 54 51 55 51 56 51 57 51 58 51 59 52 60 52 61 52 62 52 63 52 64 52 65 53 66 53 67 53 68
50 50 51 50 52 51 53 51 54 51 55 52 56 52 57 53 58 53 59 53 60 54 61 54
33 43 34 43 35 44 36 44 37 45 38 45 39 45 40 46 41 46 42 47 43 47 44 48 45 48 46 48 47 49 48 49 49 50 50 50
50 50 49 51 49 52 48 53 47 54 47 55 46 56 45 57 45 58 44 59 43 60 43 61 42 62
50 50 50 51 49 52 49 53 48 54 48 55 48 56 47 57 47 58 46 59 46 60 45 61 45 62 45 63 44 64 44 65 43 66 43 67
35 43 36 43 37 44 38 44 39 45 40 45 41 46 42 46 43 47 44 47 45 48 46 48 47 49 48 49 49 50 50 50
50 50 51 50 52 50 53 51 54 51 55 51 56 51 57 51 58 51 59 52 60 52 61 52 62 52 63 52 64 53 65 53 66 53
50 50 51 50 52 49 53 49 54 48 55 48 56 47 57 47 58 46 59 46 60 45 61 45
50 50 51 50 52 49 53 49 54 48 55 48 56 47 57 47 58 46 59 46
36 47 37 47 38 47 39 48 40 48 41 48 42 48 43 48 44 49 45 49 46 49 47 49 48 50 49 50 50 50
38 47 39 47 40 47 41 48 42 48 43 48 44 48 45 49 46 49 47 49 48 49 49 50 50 50